Determining if the pthread_create exist failed with the following output:
Change Dir: /home/odroid/SpecSenseWithNotifications/new_sandbox/1/build/CMakeFiles/CMakeTmp

Run Build Command:"/usr/bin/make" "cmTC_bb33d/fast"
/usr/bin/make -f CMakeFiles/cmTC_bb33d.dir/build.make CMakeFiles/cmTC_bb33d.dir/build
make[1]: Entering directory '/home/odroid/SpecSenseWithNotifications/new_sandbox/1/build/CMakeFiles/CMakeTmp'
Building CXX object CMakeFiles/cmTC_bb33d.dir/CheckSymbolExists.cxx.o
/usr/bin/c++      -o CMakeFiles/cmTC_bb33d.dir/CheckSymbolExists.cxx.o -c /home/odroid/SpecSenseWithNotifications/new_sandbox/1/build/CMakeFiles/CMakeTmp/CheckSymbolExists.cxx
Linking CXX executable cmTC_bb33d
/usr/bin/cmake -E cmake_link_script CMakeFiles/cmTC_bb33d.dir/link.txt --verbose=1
/usr/bin/c++        CMakeFiles/cmTC_bb33d.dir/CheckSymbolExists.cxx.o  -o cmTC_bb33d -rdynamic 
CMakeFiles/cmTC_bb33d.dir/CheckSymbolExists.cxx.o: In function `main':
CheckSymbolExists.cxx:(.text+0x14): undefined reference to `pthread_create'
CheckSymbolExists.cxx:(.text+0x18): undefined reference to `pthread_create'
collect2: error: ld returned 1 exit status
CMakeFiles/cmTC_bb33d.dir/build.make:97: recipe for target 'cmTC_bb33d' failed
make[1]: *** [cmTC_bb33d] Error 1
make[1]: Leaving directory '/home/odroid/SpecSenseWithNotifications/new_sandbox/1/build/CMakeFiles/CMakeTmp'
Makefile:126: recipe for target 'cmTC_bb33d/fast' failed
make: *** [cmTC_bb33d/fast] Error 2

File /home/odroid/SpecSenseWithNotifications/new_sandbox/1/build/CMakeFiles/CMakeTmp/CheckSymbolExists.cxx:
/* */
#include <pthread.h>

int main(int argc, char** argv)
{
  (void)argv;
#ifndef pthread_create
  return ((int*)(&pthread_create))[argc];
#else
  (void)argc;
  return 0;
#endif
}

Determining if the function pthread_create exists in the pthreads failed with the following output:
Change Dir: /home/odroid/SpecSenseWithNotifications/new_sandbox/1/build/CMakeFiles/CMakeTmp

Run Build Command:"/usr/bin/make" "cmTC_bd4ba/fast"
/usr/bin/make -f CMakeFiles/cmTC_bd4ba.dir/build.make CMakeFiles/cmTC_bd4ba.dir/build
make[1]: Entering directory '/home/odroid/SpecSenseWithNotifications/new_sandbox/1/build/CMakeFiles/CMakeTmp'
Building CXX object CMakeFiles/cmTC_bd4ba.dir/CheckFunctionExists.cxx.o
/usr/bin/c++     -DCHECK_FUNCTION_EXISTS=pthread_create   -o CMakeFiles/cmTC_bd4ba.dir/CheckFunctionExists.cxx.o -c /home/odroid/SpecSenseWithNotifications/new_sandbox/1/build/CMakeFiles/CheckLibraryExists/CheckFunctionExists.cxx
Linking CXX executable cmTC_bd4ba
/usr/bin/cmake -E cmake_link_script CMakeFiles/cmTC_bd4ba.dir/link.txt --verbose=1
/usr/bin/c++    -DCHECK_FUNCTION_EXISTS=pthread_create    CMakeFiles/cmTC_bd4ba.dir/CheckFunctionExists.cxx.o  -o cmTC_bd4ba -rdynamic -lpthreads 
/usr/bin/ld: cannot find -lpthreads
collect2: error: ld returned 1 exit status
CMakeFiles/cmTC_bd4ba.dir/build.make:97: recipe for target 'cmTC_bd4ba' failed
make[1]: *** [cmTC_bd4ba] Error 1
make[1]: Leaving directory '/home/odroid/SpecSenseWithNotifications/new_sandbox/1/build/CMakeFiles/CMakeTmp'
Makefile:126: recipe for target 'cmTC_bd4ba/fast' failed
make: *** [cmTC_bd4ba/fast] Error 2


